17-11-2017 3.04.10 PM	This log contains information about the import schema operation into project 'Database' on computer 'WINDOWS-T7484TA' by user 'Semin'.
17-11-2017 3.04.10 PM	Import of database schema has started.
17-11-2017 3.04.17 PM	Gathering database options
17-11-2017 3.04.17 PM	Gathering users
17-11-2017 3.04.17 PM	Gathering roles
17-11-2017 3.04.17 PM	Gathering application roles
17-11-2017 3.04.17 PM	Gathering role memberships
17-11-2017 3.04.17 PM	Gathering filegroups
17-11-2017 3.04.17 PM	Gathering full-text catalogs
17-11-2017 3.04.17 PM	Gathering assemblies
17-11-2017 3.04.17 PM	Gathering certificates
17-11-2017 3.04.17 PM	Gathering asymmetric keys
17-11-2017 3.04.17 PM	Gathering symmetric keys
17-11-2017 3.04.17 PM	Gathering encrypted symmetric keys
17-11-2017 3.04.17 PM	Gathering schemas
17-11-2017 3.04.17 PM	Gathering XML schema collections
17-11-2017 3.04.17 PM	Gathering user-defined data types
17-11-2017 3.04.17 PM	Gathering user-defined types
17-11-2017 3.04.17 PM	Gathering table types
17-11-2017 3.04.17 PM	Gathering unique keys for table types
17-11-2017 3.04.17 PM	Gathering primary keys for table types
17-11-2017 3.04.17 PM	Gathering indexes for table types
17-11-2017 3.04.17 PM	Gathering check constraints for table types
17-11-2017 3.04.17 PM	Gathering default constraints for table types
17-11-2017 3.04.17 PM	Gathering partition functions
17-11-2017 3.04.17 PM	Gathering partition schemes
17-11-2017 3.04.17 PM	Gathering functions
17-11-2017 3.04.17 PM	Gathering encrypted functions
17-11-2017 3.04.17 PM	Gathering aggregates
17-11-2017 3.04.17 PM	Gathering procedures
17-11-2017 3.04.17 PM	Gathering encrypted procedures
17-11-2017 3.04.17 PM	Gathering tables
17-11-2017 3.04.17 PM	Gathering primary keys
17-11-2017 3.04.18 PM	Gathering unique constraints
17-11-2017 3.04.18 PM	Gathering foreign keys
17-11-2017 3.04.18 PM	Gathering default constraints
17-11-2017 3.04.18 PM	Gathering check constraints
17-11-2017 3.04.18 PM	Gathering views
17-11-2017 3.04.18 PM	Gathering encrypted views
17-11-2017 3.04.18 PM	Gathering indexes
17-11-2017 3.04.18 PM	Gathering statistics
17-11-2017 3.04.18 PM	Gathering full-text index stoplists
17-11-2017 3.04.18 PM	Gathering search property lists
17-11-2017 3.04.18 PM	Gathering search properties
17-11-2017 3.04.18 PM	Gathering full-text indexes
17-11-2017 3.04.18 PM	Gathering column store indexes
17-11-2017 3.04.18 PM	Gathering spatial indexes
17-11-2017 3.04.18 PM	Gathering XML indexes
17-11-2017 3.04.18 PM	Gathering Selective XML indexes
17-11-2017 3.04.18 PM	Gathering encrypted triggers
17-11-2017 3.04.18 PM	Gathering triggers
17-11-2017 3.04.18 PM	Gathering encrypted and clr ddl triggers
17-11-2017 3.04.18 PM	Gathering ddl triggers
17-11-2017 3.04.18 PM	Gathering synonyms
17-11-2017 3.04.18 PM	Gathering defaults
17-11-2017 3.04.18 PM	Gathering data constraint uddt bindings
17-11-2017 3.04.18 PM	Gathering rules
17-11-2017 3.04.18 PM	Gathering data constraint uddt bindings
17-11-2017 3.04.18 PM	Gathering message types
17-11-2017 3.04.18 PM	Gathering queues
17-11-2017 3.04.18 PM	Gathering contracts
17-11-2017 3.04.18 PM	Gathering services
17-11-2017 3.04.18 PM	Gathering event notifications
17-11-2017 3.04.18 PM	Gathering remote service bindings
17-11-2017 3.04.18 PM	Gathering broker priorities
17-11-2017 3.04.18 PM	Gathering signatures
17-11-2017 3.04.18 PM	Gathering data compression options
17-11-2017 3.04.18 PM	Gathering sequence types
17-11-2017 3.04.18 PM	Gathering security policies
17-11-2017 3.04.18 PM	Gather column encryption keys
17-11-2017 3.04.18 PM	Gathering column master keys
17-11-2017 3.04.18 PM	Gathering external data sources
17-11-2017 3.04.18 PM	Gathering external file formats
17-11-2017 3.04.18 PM	Gathering external tables
17-11-2017 3.04.18 PM	Gathering database permissions
17-11-2017 3.04.18 PM	Gathering extended properties
17-11-2017 3.04.18 PM	Gathering credentials
17-11-2017 3.04.18 PM	Gathering logins
17-11-2017 3.04.18 PM	Gathering server audits
17-11-2017 3.04.19 PM	Scanning project for duplicate elements
17-11-2017 3.04.20 PM	Finished duplicate element processing
17-11-2017 3.04.20 PM	Finished importing database.
17-11-2017 3.04.20 PM	A summary of the import was saved to the following location: C:\Ritesh\Personal\Technical\Learning\Paperless\Database\Import Schema Logs\Database_20171117093410.log
17-11-2017 3.04.20 PM	Click Finish to continue...
